<?xml version="1.0" encoding="UTF-8"?>
<coverage generated="1572272291">
  <project timestamp="1572272291">
    <package name="Imoisey\Cross\Collection">
      <file name="/app/src/Collection/Collection.php">
        <class name="Collection" namespace="Imoisey\Cross\Collection">
          <metrics methods="7" coveredmethods="7" conditionals="0" coveredconditionals="0" statements="35" coveredstatements="35" elements="42" coveredelements="42"/>
        </class>
        <line num="13" type="method" name="__construct" crap="1" count="5"/>
        <line num="15" type="stmt" count="5"/>
        <line num="16" type="stmt" count="5"/>
        <line num="25" type="method" name="add" crap="2" count="5"/>
        <line num="27" type="stmt" count="5"/>
        <line num="28" type="stmt" count="4"/>
        <line num="29" type="stmt" count="4"/>
        <line num="32" type="stmt" count="1"/>
        <line num="42" type="method" name="addAll" crap="2" count="5"/>
        <line num="44" type="stmt" count="5"/>
        <line num="45" type="stmt" count="3"/>
        <line num="46" type="stmt" count="5"/>
        <line num="47" type="stmt" count="5"/>
        <line num="49" type="method" name="verify" crap="7" count="2"/>
        <line num="51" type="stmt" count="2"/>
        <line num="53" type="stmt" count="2"/>
        <line num="54" type="stmt" count="2"/>
        <line num="55" type="stmt" count="2"/>
        <line num="56" type="stmt" count="2"/>
        <line num="57" type="stmt" count="2"/>
        <line num="58" type="stmt" count="2"/>
        <line num="60" type="stmt" count="2"/>
        <line num="61" type="stmt" count="2"/>
        <line num="64" type="stmt" count="1"/>
        <line num="65" type="stmt" count="1"/>
        <line num="66" type="stmt" count="1"/>
        <line num="68" type="stmt" count="1"/>
        <line num="69" type="stmt" count="1"/>
        <line num="70" type="stmt" count="1"/>
        <line num="71" type="stmt" count="1"/>
        <line num="72" type="stmt" count="2"/>
        <line num="74" type="stmt" count="2"/>
        <line num="77" type="method" name="getCollision" crap="1" count="2"/>
        <line num="79" type="stmt" count="2"/>
        <line num="82" type="method" name="comparePeriods" crap="1" count="2"/>
        <line num="84" type="stmt" count="2"/>
        <line num="85" type="stmt" count="2"/>
        <line num="87" type="stmt" count="2"/>
        <line num="88" type="stmt" count="2"/>
        <line num="90" type="stmt" count="2"/>
        <line num="93" type="method" name="notComparePeriods" crap="1" count="2"/>
        <line num="95" type="stmt" count="2"/>
        <metrics loc="97" ncloc="82" classes="1" methods="7" coveredmethods="7" conditionals="0" coveredconditionals="0" statements="35" coveredstatements="35" elements="42" coveredelements="42"/>
      </file>
    </package>
    <file name="/app/src/ItemInterface.php">
      <metrics loc="13" ncloc="8" classes="0" methods="0" coveredmethods="0" conditionals="0" coveredconditionals="0" statements="0" coveredstatements="0" elements="0" coveredelements="0"/>
    </file>
    <package name="Imoisey\Cross">
      <file name="/app/src/Manager.php">
        <class name="Manager" namespace="Imoisey\Cross">
          <metrics methods="0" coveredmethods="0" conditionals="0" coveredconditionals="0" statements="0" coveredstatements="0" elements="0" coveredelements="0"/>
        </class>
        <metrics loc="7" ncloc="7" classes="1" methods="0" coveredmethods="0" conditionals="0" coveredconditionals="0" statements="0" coveredstatements="0" elements="0" coveredelements="0"/>
      </file>
    </package>
    <file name="/app/src/Provider/ProviderInterface.php">
      <metrics loc="15" ncloc="10" classes="0" methods="0" coveredmethods="0" conditionals="0" coveredconditionals="0" statements="0" coveredstatements="0" elements="0" coveredelements="0"/>
    </file>
    <metrics files="4" loc="132" ncloc="107" classes="2" methods="7" coveredmethods="7" conditionals="0" coveredconditionals="0" statements="35" coveredstatements="35" elements="42" coveredelements="42"/>
  </project>
</coverage>
